Determining if the pthread_create exist failed with the following output:
Change Dir: /home/6im2/mvaill01/Bureau/s3 opengl/GLImac-Template-build/CMakeFiles/CMakeTmp

Run Build Command:"/usr/bin/make" "cmTC_e02ef/fast"
/usr/bin/make -f CMakeFiles/cmTC_e02ef.dir/build.make CMakeFiles/cmTC_e02ef.dir/build
make[1] : on entre dans le répertoire « /home/6im2/mvaill01/Bureau/s3 opengl/GLImac-Template-build/CMakeFiles/CMakeTmp »
Building C object CMakeFiles/cmTC_e02ef.dir/CheckSymbolExists.c.o
/usr/bin/cc     -o CMakeFiles/cmTC_e02ef.dir/CheckSymbolExists.c.o   -c "/home/6im2/mvaill01/Bureau/s3 opengl/GLImac-Template-build/CMakeFiles/CMakeTmp/CheckSymbolExists.c"
Linking C executable cmTC_e02ef
/usr/bin/cmake -E cmake_link_script CMakeFiles/cmTC_e02ef.dir/link.txt --verbose=1
/usr/bin/cc       CMakeFiles/cmTC_e02ef.dir/CheckSymbolExists.c.o  -o cmTC_e02ef -rdynamic 
CMakeFiles/cmTC_e02ef.dir/CheckSymbolExists.c.o : Dans la fonction « main » :
CheckSymbolExists.c:(.text+0x1b) : référence indéfinie vers « pthread_create »
collect2: error: ld returned 1 exit status
CMakeFiles/cmTC_e02ef.dir/build.make:97 : la recette pour la cible « cmTC_e02ef » a échouée
make[1]: *** [cmTC_e02ef] Erreur 1
make[1] : on quitte le répertoire « /home/6im2/mvaill01/Bureau/s3 opengl/GLImac-Template-build/CMakeFiles/CMakeTmp »
Makefile:126 : la recette pour la cible « cmTC_e02ef/fast » a échouée
make: *** [cmTC_e02ef/fast] Erreur 2

File /home/6im2/mvaill01/Bureau/s3 opengl/GLImac-Template-build/CMakeFiles/CMakeTmp/CheckSymbolExists.c:
/* */
#include <pthread.h>

int main(int argc, char** argv)
{
  (void)argv;
#ifndef pthread_create
  return ((int*)(&pthread_create))[argc];
#else
  (void)argc;
  return 0;
#endif
}

Determining if the function pthread_create exists in the pthreads failed with the following output:
Change Dir: /home/6im2/mvaill01/Bureau/s3 opengl/GLImac-Template-build/CMakeFiles/CMakeTmp

Run Build Command:"/usr/bin/make" "cmTC_9adbb/fast"
/usr/bin/make -f CMakeFiles/cmTC_9adbb.dir/build.make CMakeFiles/cmTC_9adbb.dir/build
make[1] : on entre dans le répertoire « /home/6im2/mvaill01/Bureau/s3 opengl/GLImac-Template-build/CMakeFiles/CMakeTmp »
Building C object CMakeFiles/cmTC_9adbb.dir/CheckFunctionExists.c.o
/usr/bin/cc    -DCHECK_FUNCTION_EXISTS=pthread_create   -o CMakeFiles/cmTC_9adbb.dir/CheckFunctionExists.c.o   -c /usr/share/cmake-3.7/Modules/CheckFunctionExists.c
Linking C executable cmTC_9adbb
/usr/bin/cmake -E cmake_link_script CMakeFiles/cmTC_9adbb.dir/link.txt --verbose=1
/usr/bin/cc   -DCHECK_FUNCTION_EXISTS=pthread_create    CMakeFiles/cmTC_9adbb.dir/CheckFunctionExists.c.o  -o cmTC_9adbb -rdynamic -lpthreads 
/usr/bin/ld : ne peut trouver -lpthreads
collect2: error: ld returned 1 exit status
CMakeFiles/cmTC_9adbb.dir/build.make:97 : la recette pour la cible « cmTC_9adbb » a échouée
make[1]: *** [cmTC_9adbb] Erreur 1
make[1] : on quitte le répertoire « /home/6im2/mvaill01/Bureau/s3 opengl/GLImac-Template-build/CMakeFiles/CMakeTmp »
Makefile:126 : la recette pour la cible « cmTC_9adbb/fast » a échouée
make: *** [cmTC_9adbb/fast] Erreur 2


